# JRE version: Java(TM) SE Runtime Environment (21.0.2+13) (build 21.0.2+13-LTS-58)
# Java VM: Java HotSpot(TM) 64-Bit Server VM (21.0.2+13-LTS-58, mixed mode, sharing, tiered, compressed oops, compressed class ptrs, g1 gc, windows-amd64)
GC Precious Log:
 CardTable entry size: 512
 Card Set container configuration: InlinePtr #cards 4 size 8 Array Of Cards #cards 16 size 48 Howl #buckets 8 coarsen threshold 3686 Howl Bitmap #cards 512 size 80 coarsen threshold 460 Card regions per heap region 1 cards per card region 4096
 CPUs: 6 total, 6 available
 Memory: 16315M
 Large Page Support: Disabled
 NUMA Support: Disabled
 Compressed Oops: Enabled (Zero based)
 Heap Region Size: 2M
 Heap Min Capacity: 8M
 Heap Initial Capacity: 256M
 Heap Max Capacity: 4080M
 Pre-touch: Disabled
 Parallel Workers: 6
 Concurrent Workers: 2
 Concurrent Refinement Workers: 6
 Periodic GC: Disabled
Heap:
 garbage-first heap   total 294912K, used 110167K [0x0000000701000000, 0x0000000800000000)
  region size 2048K, 3 young (6144K), 0 survivors (0K)
 Metaspace       used 18305K, committed 18560K, reserved 1114112K
  class space    used 1420K, committed 1536K, reserved 1048576K
GC Heap History (18 events):
Event: 2.031 GC heap before
{Heap before GC invocations=0 (full 0):
 garbage-first heap   total 262144K, used 18432K [0x0000000701000000, 0x0000000800000000)
  region size 2048K, 10 young (20480K), 0 survivors (0K)
 Metaspace       used 9684K, committed 9856K, reserved 1114112K
  class space    used 715K, committed 768K, reserved 1048576K
}
Event: 2.040 GC heap after
{Heap after GC invocations=1 (full 0):
 garbage-first heap   total 262144K, used 3072K [0x0000000701000000, 0x0000000800000000)
  region size 2048K, 2 young (4096K), 2 survivors (4096K)
 Metaspace       used 9684K, committed 9856K, reserved 1114112K
  class space    used 715K, committed 768K, reserved 1048576K
}
Event: 2.891 GC heap before
{Heap before GC invocations=1 (full 0):
 garbage-first heap   total 262144K, used 56320K [0x0000000701000000, 0x0000000800000000)
  region size 2048K, 16 young (32768K), 2 survivors (4096K)
 Metaspace       used 10712K, committed 10880K, reserved 1114112K
  class space    used 804K, committed 896K, reserved 1048576K
}
Event: 2.895 GC heap after
{Heap after GC invocations=2 (full 0):
 garbage-first heap   total 262144K, used 30161K [0x0000000701000000, 0x0000000800000000)
  region size 2048K, 2 young (4096K), 2 survivors (4096K)
 Metaspace       used 10712K, committed 10880K, reserved 1114112K
  class space    used 804K, committed 896K, reserved 1048576K
}
Event: 3.054 GC heap before
{Heap before GC invocations=2 (full 0):
 garbage-first heap   total 262144K, used 206289K [0x0000000701000000, 0x0000000800000000)
  region size 2048K, 63 young (129024K), 2 survivors (4096K)
 Metaspace       used 10740K, committed 10944K, reserved 1114112K
  class space    used 807K, committed 896K, reserved 1048576K
}
Event: 3.079 GC heap after
{Heap after GC invocations=3 (full 0):
 garbage-first heap   total 278528K, used 149414K [0x0000000701000000, 0x0000000800000000)
  region size 2048K, 8 young (16384K), 8 survivors (16384K)
 Metaspace       used 10740K, committed 10944K, reserved 1114112K
  class space    used 807K, committed 896K, reserved 1048576K
}
Event: 3.085 GC heap before
{Heap before GC invocations=3 (full 0):
 garbage-first heap   total 278528K, used 161702K [0x0000000701000000, 0x0000000800000000)
  region size 2048K, 15 young (30720K), 8 survivors (16384K)
 Metaspace       used 10740K, committed 10944K, reserved 1114112K
  class space    used 807K, committed 896K, reserved 1048576K
}
Event: 3.089 GC heap after
{Heap after GC invocations=4 (full 0):
 garbage-first heap   total 278528K, used 151982K [0x0000000701000000, 0x0000000800000000)
  region size 2048K, 1 young (2048K), 1 survivors (2048K)
 Metaspace       used 10740K, committed 10944K, reserved 1114112K
  class space    used 807K, committed 896K, reserved 1048576K
}
Event: 3.284 GC heap before
{Heap before GC invocations=5 (full 0):
 garbage-first heap   total 294912K, used 223662K [0x0000000701000000, 0x0000000800000000)
  region size 2048K, 30 young (61440K), 1 survivors (2048K)
 Metaspace       used 12453K, committed 12672K, reserved 1114112K
  class space    used 1026K, committed 1152K, reserved 1048576K
}
Event: 3.285 GC heap after
{Heap after GC invocations=6 (full 0):
 garbage-first heap   total 294912K, used 164861K [0x0000000701000000, 0x0000000800000000)
  region size 2048K, 1 young (2048K), 1 survivors (2048K)
 Metaspace       used 12453K, committed 12672K, reserved 1114112K
  class space    used 1026K, committed 1152K, reserved 1048576K
}
Event: 3.354 GC heap before
{Heap before GC invocations=6 (full 0):
 garbage-first heap   total 294912K, used 232445K [0x0000000701000000, 0x0000000800000000)
  region size 2048K, 34 young (69632K), 1 survivors (2048K)
 Metaspace       used 12461K, committed 12672K, reserved 1114112K
  class space    used 1026K, committed 1152K, reserved 1048576K
}
Event: 3.354 GC heap after
{Heap after GC invocations=7 (full 0):
 garbage-first heap   total 294912K, used 145316K [0x0000000701000000, 0x0000000800000000)
  region size 2048K, 1 young (2048K), 1 survivors (2048K)
 Metaspace       used 12461K, committed 12672K, reserved 1114112K
  class space    used 1026K, committed 1152K, reserved 1048576K
}
Event: 3.747 GC heap before
{Heap before GC invocations=7 (full 0):
 garbage-first heap   total 294912K, used 155556K [0x0000000701000000, 0x0000000800000000)
  region size 2048K, 7 young (14336K), 1 survivors (2048K)
 Metaspace       used 17066K, committed 17344K, reserved 1114112K
  class space    used 1385K, committed 1536K, reserved 1048576K
}
Event: 3.749 GC heap after
{Heap after GC invocations=8 (full 0):
 garbage-first heap   total 294912K, used 146067K [0x0000000701000000, 0x0000000800000000)
  region size 2048K, 1 young (2048K), 1 survivors (2048K)
 Metaspace       used 17066K, committed 17344K, reserved 1114112K
  class space    used 1385K, committed 1536K, reserved 1048576K
}
Event: 72.748 GC heap before
{Heap before GC invocations=9 (full 0):
 garbage-first heap   total 294912K, used 139923K [0x0000000701000000, 0x0000000800000000)
  region size 2048K, 4 young (8192K), 1 survivors (2048K)
 Metaspace       used 17922K, committed 18176K, reserved 1114112K
  class space    used 1416K, committed 1536K, reserved 1048576K
}
Event: 72.774 GC heap after
{Heap after GC invocations=10 (full 1):
 garbage-first heap   total 294912K, used 106044K [0x0000000701000000, 0x0000000800000000)
  region size 2048K, 0 young (0K), 0 survivors (0K)
 Metaspace       used 17922K, committed 18176K, reserved 1114112K
  class space    used 1416K, committed 1536K, reserved 1048576K
}
Event: 117.172 GC heap before
{Heap before GC invocations=10 (full 1):
 garbage-first heap   total 294912K, used 110140K [0x0000000701000000, 0x0000000800000000)
  region size 2048K, 3 young (6144K), 0 survivors (0K)
 Metaspace       used 18168K, committed 18432K, reserved 1114112K
  class space    used 1419K, committed 1536K, reserved 1048576K
}
Event: 117.238 GC heap after
{Heap after GC invocations=11 (full 2):
 garbage-first heap   total 294912K, used 106071K [0x0000000701000000, 0x0000000800000000)
  region size 2048K, 0 young (0K), 0 survivors (0K)
 Metaspace       used 18168K, committed 18432K, reserved 1114112K
  class space    used 1419K, committed 1536K, reserved 1048576K
}

